<?xml version="1.0" encoding="UTF-8"?>
<!-- Generated by org.testng.reporters.JUnitXMLReporter -->
<testsuite ignored="0" hostname="Lenovo" failures="0" tests="3" name="Default test" time="26.68" errors="0" timestamp="2024-01-21T18:21:54 IST">
  <testcase classname="Prasanna.TicketBookingWebsite.HomePageTest" name="testcase1" time="13.84"/>
  <testcase classname="Prasanna.TicketBookingWebsite.HomePageTest" name="testcase2" time="8.365"/>
  <testcase classname="Prasanna.TicketBookingWebsite.HomePageTest" name="testcase3" time="0.34"/>
</testsuite> <!-- Default test -->
