<?xml version="1.0" encoding="UTF-8"?>
<testng-results ignored="0" total="3" passed="3" failed="0" skipped="0">
  <reporter-output>
  </reporter-output>
  <suite started-at="2024-01-21T18:21:28 IST" name="Default suite" finished-at="2024-01-21T18:21:54 IST" duration-ms="26680">
    <groups>
    </groups>
    <test started-at="2024-01-21T18:21:28 IST" name="Default test" finished-at="2024-01-21T18:21:54 IST" duration-ms="26680">
      <class name="Prasanna.TicketBookingWebsite.HomePageTest">
        <test-method is-config="true" signature="startDriver()[pri:0, instance:Prasanna.TicketBookingWebsite.HomePageTest@75437611]" started-at="2024-01-21T18:21:28 IST" name="startDriver" finished-at="2024-01-21T18:21:32 IST" duration-ms="4071" status="PASS">
          <reporter-output>
          </reporter-output>
        </test-method> <!-- startDriver -->
        <test-method signature="testcase1()[pri:1, instance:Prasanna.TicketBookingWebsite.HomePageTest@75437611]" started-at="2024-01-21T18:21:32 IST" name="testcase1" finished-at="2024-01-21T18:21:46 IST" duration-ms="13840" status="PASS">
          <reporter-output>
          </reporter-output>
        </test-method> <!-- testcase1 -->
        <test-method signature="testcase2()[pri:2, instance:Prasanna.TicketBookingWebsite.HomePageTest@75437611]" started-at="2024-01-21T18:21:46 IST" name="testcase2" finished-at="2024-01-21T18:21:54 IST" duration-ms="8365" status="PASS">
          <reporter-output>
          </reporter-output>
        </test-method> <!-- testcase2 -->
        <test-method signature="testcase3()[pri:3, instance:Prasanna.TicketBookingWebsite.HomePageTest@75437611]" started-at="2024-01-21T18:21:54 IST" name="testcase3" finished-at="2024-01-21T18:21:54 IST" duration-ms="340" status="PASS">
          <reporter-output>
          </reporter-output>
        </test-method> <!-- testcase3 -->
      </class> <!-- Prasanna.TicketBookingWebsite.HomePageTest -->
    </test> <!-- Default test -->
  </suite> <!-- Default suite -->
</testng-results>
