<?xml version="1.0" encoding="UTF-8"?>
<testng-results ignored="0" total="2" passed="2" failed="0" skipped="0">
  <reporter-output>
  </reporter-output>
  <suite started-at="2024-01-26T12:46:36 IST" name="Suite" finished-at="2024-01-26T12:47:57 IST" duration-ms="80365">
    <groups>
    </groups>
    <test started-at="2024-01-26T12:46:36 IST" name="Test" finished-at="2024-01-26T12:47:57 IST" duration-ms="80365">
      <class name="Prasanna.TicketBookingWebsite.HomePageTest">
        <test-method is-config="true" signature="startDriver()[pri:0, instance:Prasanna.TicketBookingWebsite.HomePageTest@782859e]" started-at="2024-01-26T12:46:37 IST" name="startDriver" finished-at="2024-01-26T12:46:44 IST" duration-ms="7012" status="PASS">
          <reporter-output>
          </reporter-output>
        </test-method> <!-- startDriver -->
        <test-method signature="testcase1(java.util.HashMap)[pri:1, instance:Prasanna.TicketBookingWebsite.HomePageTest@782859e]" started-at="2024-01-26T12:46:44 IST" name="testcase1" data-provider="getData" finished-at="2024-01-26T12:47:18 IST" duration-ms="34631" status="PASS">
          <params>
            <param index="0">
              <value>
                <![CDATA[{date=18, month=MAR 2024, ToCity=(BLR), FromCity=New Delhi(DEL), FlightNumber=AI-502, ToEnter=ba, FromEnter=del}]]>
              </value>
            </param>
          </params>
          <reporter-output>
          </reporter-output>
        </test-method> <!-- testcase1 -->
        <test-method is-config="true" signature="closeall()[pri:0, instance:Prasanna.TicketBookingWebsite.HomePageTest@782859e]" started-at="2024-01-26T12:47:18 IST" name="closeall" finished-at="2024-01-26T12:47:19 IST" duration-ms="369" status="PASS">
          <reporter-output>
          </reporter-output>
        </test-method> <!-- closeall -->
        <test-method is-config="true" signature="startDriver()[pri:0, instance:Prasanna.TicketBookingWebsite.HomePageTest@782859e]" started-at="2024-01-26T12:47:19 IST" name="startDriver" finished-at="2024-01-26T12:47:27 IST" duration-ms="8109" status="PASS">
          <reporter-output>
          </reporter-output>
        </test-method> <!-- startDriver -->
        <test-method signature="testcase1(java.util.HashMap)[pri:1, instance:Prasanna.TicketBookingWebsite.HomePageTest@782859e]" started-at="2024-01-26T12:47:27 IST" name="testcase1" data-provider="getData" finished-at="2024-01-26T12:47:56 IST" duration-ms="29304" status="PASS">
          <params>
            <param index="0">
              <value>
                <![CDATA[{date=22, month=APR 2024, ToCity=(CCU), FromCity=Hyderabad(HYD), FlightNumber=I5-584, ToEnter=kol, FromEnter=hyd}]]>
              </value>
            </param>
          </params>
          <reporter-output>
          </reporter-output>
        </test-method> <!-- testcase1 -->
        <test-method is-config="true" signature="closeall()[pri:0, instance:Prasanna.TicketBookingWebsite.HomePageTest@782859e]" started-at="2024-01-26T12:47:56 IST" name="closeall" finished-at="2024-01-26T12:47:57 IST" duration-ms="446" status="PASS">
          <reporter-output>
          </reporter-output>
        </test-method> <!-- closeall -->
      </class> <!-- Prasanna.TicketBookingWebsite.HomePageTest -->
    </test> <!-- Test -->
  </suite> <!-- Suite -->
</testng-results>
